<?xml version="1.0" encoding="UTF-8"?>
<!-- Generated by org.testng.reporters.JUnitReportReporter -->
<testsuite skipped="0" hostname="DESKTOP-LBNBJ24" name="br.carloskafka.planetstarwarscommons.dto.TestesResultadoConsultaPlanetaDTO" tests="2" failures="0" timestamp="18 mar 2019 02:44:31 GMT" time="0.015" errors="0">
  <testcase name="dado_um_novo_resultado_consulta_planeta_quando_for_criado_invalido_entao_retorna_invalido" time="0.000" classname="br.carloskafka.planetstarwarscommons.dto.TestesResultadoConsultaPlanetaDTO"/>
  <testcase name="dado_um_novo_resultado_consulta_planeta_quando_for_criado_entao_retorna_um_novo" time="0.015" classname="br.carloskafka.planetstarwarscommons.dto.TestesResultadoConsultaPlanetaDTO"/>
</testsuite> <!-- br.carloskafka.planetstarwarscommons.dto.TestesResultadoConsultaPlanetaDTO -->
