<?xml version="1.0" encoding="UTF-8"?>
<!-- Generated by org.testng.reporters.JUnitReportReporter -->
<testsuite skipped="0" hostname="DESKTOP-LBNBJ24" name="br.carloskafka.planetstarwarscommons.dto.TestesPlanetaDTO" tests="1" failures="0" timestamp="18 mar 2019 03:59:01 GMT" time="0.016" errors="0">
  <testcase name="dado_um_novo_planetadto_quando_for_criado_entao_retorna_um_novo" time="0.016" classname="br.carloskafka.planetstarwarscommons.dto.TestesPlanetaDTO"/>
</testsuite> <!-- br.carloskafka.planetstarwarscommons.dto.TestesPlanetaDTO -->
